{"C:\\Users\\relre\\OneDrive\\Masaüstü\\CRM\\stitch_clinic_dashboard\\src\\components\\ui\\ConfirmationModal.jsx": {"path":"C:\\Users\\relre\\OneDrive\\Masaüstü\\CRM\\stitch_clinic_dashboard\\src\\components\\ui\\ConfirmationModal.jsx","statementMap":{"0":{"start":{"line":4,"column":4},"end":{"line":4,"column":null}},"1":{"start":{"line":4,"column":17},"end":{"line":4,"column":null}},"2":{"start":{"line":6,"column":4},"end":{"line":39,"column":null}}},"fnMap":{"0":{"name":"ConfirmationModal","decl":{"start":{"line":3,"column":24},"end":{"line":3,"column":42}},"loc":{"start":{"line":3,"column":149},"end":{"line":41,"column":null}},"line":3}},"branchMap":{"0":{"loc":{"start":{"line":3,"column":88},"end":{"line":3,"column":113}},"type":"default-arg","locations":[{"start":{"line":3,"column":102},"end":{"line":3,"column":113}}],"line":3},"1":{"loc":{"start":{"line":3,"column":113},"end":{"line":3,"column":130}},"type":"default-arg","locations":[{"start":{"line":3,"column":120},"end":{"line":3,"column":130}}],"line":3},"2":{"loc":{"start":{"line":3,"column":130},"end":{"line":3,"column":146}},"type":"default-arg","locations":[{"start":{"line":3,"column":140},"end":{"line":3,"column":146}}],"line":3},"3":{"loc":{"start":{"line":4,"column":4},"end":{"line":4,"column":null}},"type":"if","locations":[{"start":{"line":4,"column":4},"end":{"line":4,"column":null}},{"start":{},"end":{}}],"line":4},"4":{"loc":{"start":{"line":10,"column":108},"end":{"line":10,"column":158}},"type":"cond-expr","locations":[{"start":{"line":10,"column":128},"end":{"line":10,"column":143}},{"start":{"line":10,"column":143},"end":{"line":10,"column":158}}],"line":10},"5":{"loc":{"start":{"line":11,"column":79},"end":{"line":11,"column":130}},"type":"cond-expr","locations":[{"start":{"line":11,"column":99},"end":{"line":11,"column":116}},{"start":{"line":11,"column":116},"end":{"line":11,"column":130}}],"line":11},"6":{"loc":{"start":{"line":12,"column":29},"end":{"line":12,"column":null}},"type":"cond-expr","locations":[{"start":{"line":12,"column":49},"end":{"line":12,"column":61}},{"start":{"line":12,"column":61},"end":{"line":12,"column":null}}],"line":12},"7":{"loc":{"start":{"line":28,"column":174},"end":{"line":30,"column":null}},"type":"cond-expr","locations":[{"start":{"line":29,"column":34},"end":{"line":29,"column":null}},{"start":{"line":30,"column":34},"end":{"line":30,"column":null}}],"line":28},"8":{"loc":{"start":{"line":33,"column":29},"end":{"line":33,"column":null}},"type":"binary-expr","locations":[{"start":{"line":33,"column":29},"end":{"line":33,"column":40}},{"start":{"line":33,"column":40},"end":{"line":33,"column":null}}],"line":33}},"s":{"0":9,"1":1,"2":8},"f":{"0":9},"b":{"0":[9],"1":[9],"2":[9],"3":[1,8],"4":[8,0],"5":[8,0],"6":[8,0],"7":[8,0],"8":[9,2]},"meta":{"lastBranch":9,"lastFunction":1,"lastStatement":3,"seen":{"f:3:24:3:42":0,"b:3:102:3:113":0,"b:3:120:3:130":1,"b:3:140:3:146":2,"b:4:4:4:Infinity:undefined:undefined:undefined:undefined":3,"s:4:4:4:Infinity":0,"s:4:17:4:Infinity":1,"s:6:4:39:Infinity":2,"b:10:128:10:143:10:143:10:158":4,"b:11:99:11:116:11:116:11:130":5,"b:12:49:12:61:12:61:12:Infinity":6,"b:29:34:29:Infinity:30:34:30:Infinity":7,"b:33:29:33:40:33:40:33:Infinity":8}}}
,"C:\\Users\\relre\\OneDrive\\Masaüstü\\CRM\\stitch_clinic_dashboard\\src\\components\\ui\\Spinner.jsx": {"path":"C:\\Users\\relre\\OneDrive\\Masaüstü\\CRM\\stitch_clinic_dashboard\\src\\components\\ui\\Spinner.jsx","statementMap":{"0":{"start":{"line":11,"column":13},"end":{"line":39,"column":null}},"1":{"start":{"line":17,"column":24},"end":{"line":22,"column":null}},"2":{"start":{"line":24,"column":25},"end":{"line":28,"column":null}},"3":{"start":{"line":30,"column":4},"end":{"line":37,"column":null}},"4":{"start":{"line":45,"column":4},"end":{"line":49,"column":null}},"5":{"start":{"line":57,"column":4},"end":{"line":57,"column":null}},"6":{"start":{"line":64,"column":4},"end":{"line":68,"column":null}}},"fnMap":{"0":{"name":"Spinner2","decl":{"start":{"line":11,"column":37},"end":{"line":11,"column":45}},"loc":{"start":{"line":16,"column":3},"end":{"line":39,"column":1}},"line":16},"1":{"name":"PageSpinner","decl":{"start":{"line":44,"column":16},"end":{"line":44,"column":28}},"loc":{"start":{"line":44,"column":41},"end":{"line":51,"column":null}},"line":44},"2":{"name":"ButtonSpinner","decl":{"start":{"line":56,"column":16},"end":{"line":56,"column":32}},"loc":{"start":{"line":56,"column":32},"end":{"line":58,"column":null}},"line":56},"3":{"name":"InlineSpinner","decl":{"start":{"line":63,"column":16},"end":{"line":63,"column":30}},"loc":{"start":{"line":63,"column":56},"end":{"line":70,"column":null}},"line":63}},"branchMap":{"0":{"loc":{"start":{"line":12,"column":4},"end":{"line":12,"column":null}},"type":"default-arg","locations":[{"start":{"line":12,"column":11},"end":{"line":12,"column":null}}],"line":12},"1":{"loc":{"start":{"line":13,"column":4},"end":{"line":13,"column":null}},"type":"default-arg","locations":[{"start":{"line":13,"column":12},"end":{"line":13,"column":null}}],"line":13},"2":{"loc":{"start":{"line":14,"column":4},"end":{"line":14,"column":null}},"type":"default-arg","locations":[{"start":{"line":14,"column":16},"end":{"line":14,"column":null}}],"line":14},"3":{"loc":{"start":{"line":15,"column":4},"end":{"line":15,"column":null}},"type":"default-arg","locations":[{"start":{"line":15,"column":12},"end":{"line":15,"column":null}}],"line":15},"4":{"loc":{"start":{"line":48,"column":13},"end":{"line":48,"column":null}},"type":"binary-expr","locations":[{"start":{"line":48,"column":13},"end":{"line":48,"column":24}},{"start":{"line":48,"column":24},"end":{"line":48,"column":null}}],"line":48},"5":{"loc":{"start":{"line":63,"column":41},"end":{"line":63,"column":53}},"type":"default-arg","locations":[{"start":{"line":63,"column":48},"end":{"line":63,"column":53}}],"line":63},"6":{"loc":{"start":{"line":67,"column":13},"end":{"line":67,"column":null}},"type":"binary-expr","locations":[{"start":{"line":67,"column":13},"end":{"line":67,"column":24}},{"start":{"line":67,"column":24},"end":{"line":67,"column":null}}],"line":67}},"s":{"0":2,"1":18,"2":18,"3":18,"4":2,"5":3,"6":2},"f":{"0":18,"1":2,"2":3,"3":2},"b":{"0":[18],"1":[18],"2":[18],"3":[18],"4":[2,1],"5":[2],"6":[2,1]},"meta":{"lastBranch":7,"lastFunction":4,"lastStatement":7,"seen":{"s:11:13:39:Infinity":0,"f:11:37:11:45":0,"b:12:11:12:Infinity":0,"b:13:12:13:Infinity":1,"b:14:16:14:Infinity":2,"b:15:12:15:Infinity":3,"s:17:24:22:Infinity":1,"s:24:25:28:Infinity":2,"s:30:4:37:Infinity":3,"f:44:16:44:28":1,"s:45:4:49:Infinity":4,"b:48:13:48:24:48:24:48:Infinity":4,"f:56:16:56:32":2,"s:57:4:57:Infinity":5,"f:63:16:63:30":3,"b:63:48:63:53":5,"s:64:4:68:Infinity":6,"b:67:13:67:24:67:24:67:Infinity":6}}}
,"C:\\Users\\relre\\OneDrive\\Masaüstü\\CRM\\stitch_clinic_dashboard\\src\\components\\ui\\Toast.jsx": {"path":"C:\\Users\\relre\\OneDrive\\Masaüstü\\CRM\\stitch_clinic_dashboard\\src\\components\\ui\\Toast.jsx","statementMap":{"0":{"start":{"line":6,"column":4},"end":{"line":6,"column":null}},"1":{"start":{"line":6,"column":41},"end":{"line":6,"column":null}},"2":{"start":{"line":8,"column":4},"end":{"line":17,"column":null}},"3":{"start":{"line":12,"column":20},"end":{"line":12,"column":null}},"4":{"start":{"line":12,"column":70},"end":{"line":12,"column":93}},"5":{"start":{"line":21,"column":4},"end":{"line":24,"column":null}},"6":{"start":{"line":22,"column":22},"end":{"line":22,"column":null}},"7":{"start":{"line":23,"column":8},"end":{"line":23,"column":null}},"8":{"start":{"line":23,"column":21},"end":{"line":23,"column":null}},"9":{"start":{"line":26,"column":19},"end":{"line":31,"column":null}},"10":{"start":{"line":33,"column":18},"end":{"line":33,"column":null}},"11":{"start":{"line":35,"column":4},"end":{"line":61,"column":null}}},"fnMap":{"0":{"name":"ToastContainer","decl":{"start":{"line":5,"column":24},"end":{"line":5,"column":39}},"loc":{"start":{"line":5,"column":64},"end":{"line":18,"column":null}},"line":5},"1":{"name":"(anonymous_1)","decl":{"start":{"line":11,"column":28},"end":{"line":11,"column":null}},"loc":{"start":{"line":12,"column":20},"end":{"line":12,"column":null}},"line":12},"2":{"name":"(anonymous_2)","decl":{"start":{"line":12,"column":64},"end":{"line":12,"column":70}},"loc":{"start":{"line":12,"column":70},"end":{"line":12,"column":93}},"line":12},"3":{"name":"Toast","decl":{"start":{"line":20,"column":9},"end":{"line":20,"column":15}},"loc":{"start":{"line":20,"column":66},"end":{"line":63,"column":null}},"line":20},"4":{"name":"(anonymous_4)","decl":{"start":{"line":21,"column":14},"end":{"line":21,"column":20}},"loc":{"start":{"line":21,"column":20},"end":{"line":24,"column":7}},"line":21},"5":{"name":"(anonymous_5)","decl":{"start":{"line":23,"column":15},"end":{"line":23,"column":21}},"loc":{"start":{"line":23,"column":21},"end":{"line":23,"column":null}},"line":23}},"branchMap":{"0":{"loc":{"start":{"line":6,"column":4},"end":{"line":6,"column":null}},"type":"if","locations":[{"start":{"line":6,"column":4},"end":{"line":6,"column":null}},{"start":{},"end":{}}],"line":6},"1":{"loc":{"start":{"line":20,"column":36},"end":{"line":20,"column":53}},"type":"default-arg","locations":[{"start":{"line":20,"column":47},"end":{"line":20,"column":53}}],"line":20},"2":{"loc":{"start":{"line":33,"column":18},"end":{"line":33,"column":null}},"type":"binary-expr","locations":[{"start":{"line":33,"column":18},"end":{"line":33,"column":34}},{"start":{"line":33,"column":34},"end":{"line":33,"column":null}}],"line":33}},"s":{"0":5,"1":0,"2":5,"3":2,"4":0,"5":2,"6":2,"7":2,"8":2,"9":2,"10":2,"11":2},"f":{"0":5,"1":2,"2":0,"3":2,"4":2,"5":2},"b":{"0":[0,5],"1":[2],"2":[2,0]},"meta":{"lastBranch":3,"lastFunction":6,"lastStatement":12,"seen":{"f:5:24:5:39":0,"b:6:4:6:Infinity:undefined:undefined:undefined:undefined":0,"s:6:4:6:Infinity":0,"s:6:41:6:Infinity":1,"s:8:4:17:Infinity":2,"f:11:28:11:Infinity":1,"s:12:20:12:Infinity":3,"f:12:64:12:70":2,"s:12:70:12:93":4,"f:20:9:20:15":3,"b:20:47:20:53":1,"s:21:4:24:Infinity":5,"f:21:14:21:20":4,"s:22:22:22:Infinity":6,"s:23:8:23:Infinity":7,"f:23:15:23:21":5,"s:23:21:23:Infinity":8,"s:26:19:31:Infinity":9,"s:33:18:33:Infinity":10,"b:33:18:33:34:33:34:33:Infinity":2,"s:35:4:61:Infinity":11}}}
,"C:\\Users\\relre\\OneDrive\\Masaüstü\\CRM\\stitch_clinic_dashboard\\src\\context\\ToastContext.jsx": {"path":"C:\\Users\\relre\\OneDrive\\Masaüstü\\CRM\\stitch_clinic_dashboard\\src\\context\\ToastContext.jsx","statementMap":{"0":{"start":{"line":4,"column":6},"end":{"line":4,"column":null}},"1":{"start":{"line":6,"column":24},"end":{"line":10,"column":null}},"2":{"start":{"line":7,"column":10},"end":{"line":7,"column":null}},"3":{"start":{"line":8,"column":4},"end":{"line":8,"column":null}},"4":{"start":{"line":8,"column":18},"end":{"line":8,"column":null}},"5":{"start":{"line":9,"column":4},"end":{"line":9,"column":null}},"6":{"start":{"line":13,"column":28},"end":{"line":13,"column":null}},"7":{"start":{"line":15,"column":10},"end":{"line":18,"column":null}},"8":{"start":{"line":16,"column":19},"end":{"line":16,"column":null}},"9":{"start":{"line":17,"column":8},"end":{"line":17,"column":null}},"10":{"start":{"line":17,"column":26},"end":{"line":17,"column":68}},"11":{"start":{"line":20,"column":10},"end":{"line":22,"column":null}},"12":{"start":{"line":21,"column":8},"end":{"line":21,"column":null}},"13":{"start":{"line":21,"column":26},"end":{"line":21,"column":55}},"14":{"start":{"line":21,"column":43},"end":{"line":21,"column":54}},"15":{"start":{"line":26,"column":10},"end":{"line":26,"column":null}},"16":{"start":{"line":26,"column":51},"end":{"line":26,"column":87}},"17":{"start":{"line":27,"column":10},"end":{"line":27,"column":null}},"18":{"start":{"line":27,"column":49},"end":{"line":27,"column":83}},"19":{"start":{"line":28,"column":10},"end":{"line":28,"column":null}},"20":{"start":{"line":28,"column":48},"end":{"line":28,"column":81}},"21":{"start":{"line":29,"column":10},"end":{"line":29,"column":null}},"22":{"start":{"line":29,"column":51},"end":{"line":29,"column":87}},"23":{"start":{"line":31,"column":4},"end":{"line":35,"column":null}}},"fnMap":{"0":{"name":"(anonymous_0)","decl":{"start":{"line":6,"column":24},"end":{"line":6,"column":30}},"loc":{"start":{"line":6,"column":30},"end":{"line":10,"column":null}},"line":6},"1":{"name":"ToastProvider","decl":{"start":{"line":12,"column":24},"end":{"line":12,"column":38}},"loc":{"start":{"line":12,"column":52},"end":{"line":37,"column":null}},"line":12},"2":{"name":"(anonymous_2)","decl":{"start":{"line":15,"column":33},"end":{"line":15,"column":34}},"loc":{"start":{"line":15,"column":78},"end":{"line":18,"column":7}},"line":15},"3":{"name":"(anonymous_3)","decl":{"start":{"line":17,"column":18},"end":{"line":17,"column":26}},"loc":{"start":{"line":17,"column":26},"end":{"line":17,"column":68}},"line":17},"4":{"name":"(anonymous_4)","decl":{"start":{"line":20,"column":36},"end":{"line":20,"column":37}},"loc":{"start":{"line":20,"column":44},"end":{"line":22,"column":7}},"line":20},"5":{"name":"(anonymous_5)","decl":{"start":{"line":21,"column":18},"end":{"line":21,"column":26}},"loc":{"start":{"line":21,"column":26},"end":{"line":21,"column":55}},"line":21},"6":{"name":"(anonymous_6)","decl":{"start":{"line":21,"column":38},"end":{"line":21,"column":43}},"loc":{"start":{"line":21,"column":43},"end":{"line":21,"column":54}},"line":21},"7":{"name":"(anonymous_7)","decl":{"start":{"line":26,"column":32},"end":{"line":26,"column":33}},"loc":{"start":{"line":26,"column":51},"end":{"line":26,"column":87}},"line":26},"8":{"name":"(anonymous_8)","decl":{"start":{"line":27,"column":30},"end":{"line":27,"column":31}},"loc":{"start":{"line":27,"column":49},"end":{"line":27,"column":83}},"line":27},"9":{"name":"(anonymous_9)","decl":{"start":{"line":28,"column":29},"end":{"line":28,"column":30}},"loc":{"start":{"line":28,"column":48},"end":{"line":28,"column":81}},"line":28},"10":{"name":"(anonymous_10)","decl":{"start":{"line":29,"column":32},"end":{"line":29,"column":33}},"loc":{"start":{"line":29,"column":51},"end":{"line":29,"column":87}},"line":29}},"branchMap":{"0":{"loc":{"start":{"line":8,"column":4},"end":{"line":8,"column":null}},"type":"if","locations":[{"start":{"line":8,"column":4},"end":{"line":8,"column":null}},{"start":{},"end":{}}],"line":8},"1":{"loc":{"start":{"line":15,"column":43},"end":{"line":15,"column":58}},"type":"default-arg","locations":[{"start":{"line":15,"column":50},"end":{"line":15,"column":58}}],"line":15},"2":{"loc":{"start":{"line":15,"column":58},"end":{"line":15,"column":78}},"type":"default-arg","locations":[{"start":{"line":15,"column":69},"end":{"line":15,"column":78}}],"line":15}},"s":{"0":1,"1":1,"2":5,"3":5,"4":0,"5":5,"6":5,"7":5,"8":2,"9":2,"10":2,"11":5,"12":0,"13":0,"14":0,"15":5,"16":1,"17":5,"18":1,"19":5,"20":0,"21":5,"22":0,"23":5},"f":{"0":5,"1":5,"2":2,"3":2,"4":0,"5":0,"6":0,"7":1,"8":1,"9":0,"10":0},"b":{"0":[0,5],"1":[2],"2":[2]},"meta":{"lastBranch":3,"lastFunction":11,"lastStatement":24,"seen":{"s:4:6:4:Infinity":0,"s:6:24:10:Infinity":1,"f:6:24:6:30":0,"s:7:10:7:Infinity":2,"b:8:4:8:Infinity:undefined:undefined:undefined:undefined":0,"s:8:4:8:Infinity":3,"s:8:18:8:Infinity":4,"s:9:4:9:Infinity":5,"f:12:24:12:38":1,"s:13:28:13:Infinity":6,"s:15:10:18:Infinity":7,"f:15:33:15:34":2,"b:15:50:15:58":1,"b:15:69:15:78":2,"s:16:19:16:Infinity":8,"s:17:8:17:Infinity":9,"f:17:18:17:26":3,"s:17:26:17:68":10,"s:20:10:22:Infinity":11,"f:20:36:20:37":4,"s:21:8:21:Infinity":12,"f:21:18:21:26":5,"s:21:26:21:55":13,"f:21:38:21:43":6,"s:21:43:21:54":14,"s:26:10:26:Infinity":15,"f:26:32:26:33":7,"s:26:51:26:87":16,"s:27:10:27:Infinity":17,"f:27:30:27:31":8,"s:27:49:27:83":18,"s:28:10:28:Infinity":19,"f:28:29:28:30":9,"s:28:48:28:81":20,"s:29:10:29:Infinity":21,"f:29:32:29:33":10,"s:29:51:29:87":22,"s:31:4:35:Infinity":23}}}
,"C:\\Users\\relre\\OneDrive\\Masaüstü\\CRM\\stitch_clinic_dashboard\\src\\utils\\constants.js": {"path":"C:\\Users\\relre\\OneDrive\\Masaüstü\\CRM\\stitch_clinic_dashboard\\src\\utils\\constants.js","statementMap":{"0":{"start":{"line":1,"column":21},"end":{"line":6,"column":1}},"1":{"start":{"line":8,"column":24},"end":{"line":12,"column":1}}},"fnMap":{},"branchMap":{},"s":{"0":1,"1":1},"f":{},"b":{},"meta":{"lastBranch":0,"lastFunction":0,"lastStatement":2,"seen":{"s:1:21:6:1":0,"s:8:24:12:1":1}}}
,"C:\\Users\\relre\\OneDrive\\Masaüstü\\CRM\\stitch_clinic_dashboard\\src\\utils\\dateUtils.js": {"path":"C:\\Users\\relre\\OneDrive\\Masaüstü\\CRM\\stitch_clinic_dashboard\\src\\utils\\dateUtils.js","statementMap":{"0":{"start":{"line":5,"column":33},"end":{"line":9,"column":1}},"1":{"start":{"line":6,"column":19},"end":{"line":6,"column":43}},"2":{"start":{"line":7,"column":22},"end":{"line":7,"column":69}},"3":{"start":{"line":8,"column":4},"end":{"line":8,"column":49}},"4":{"start":{"line":14,"column":31},"end":{"line":16,"column":1}},"5":{"start":{"line":15,"column":4},"end":{"line":15,"column":92}}},"fnMap":{"0":{"name":"(anonymous_0)","decl":{"start":{"line":5,"column":33},"end":{"line":5,"column":34}},"loc":{"start":{"line":5,"column":56},"end":{"line":9,"column":1}},"line":5},"1":{"name":"(anonymous_1)","decl":{"start":{"line":14,"column":31},"end":{"line":14,"column":32}},"loc":{"start":{"line":14,"column":54},"end":{"line":16,"column":1}},"line":14}},"branchMap":{"0":{"loc":{"start":{"line":5,"column":34},"end":{"line":5,"column":51}},"type":"default-arg","locations":[{"start":{"line":5,"column":41},"end":{"line":5,"column":51}}],"line":5},"1":{"loc":{"start":{"line":14,"column":32},"end":{"line":14,"column":49}},"type":"default-arg","locations":[{"start":{"line":14,"column":39},"end":{"line":14,"column":49}}],"line":14}},"s":{"0":1,"1":3,"2":3,"3":3,"4":1,"5":2},"f":{"0":3,"1":2},"b":{"0":[3],"1":[2]},"meta":{"lastBranch":2,"lastFunction":2,"lastStatement":6,"seen":{"s:5:33:9:1":0,"f:5:33:5:34":0,"b:5:41:5:51":0,"s:6:19:6:43":1,"s:7:22:7:69":2,"s:8:4:8:49":3,"s:14:31:16:1":4,"f:14:31:14:32":1,"b:14:39:14:49":1,"s:15:4:15:92":5}}}
,"C:\\Users\\relre\\OneDrive\\Masaüstü\\CRM\\stitch_clinic_dashboard\\src\\utils\\errorHelpers.js": {"path":"C:\\Users\\relre\\OneDrive\\Masaüstü\\CRM\\stitch_clinic_dashboard\\src\\utils\\errorHelpers.js","statementMap":{"0":{"start":{"line":8,"column":30},"end":{"line":87,"column":1}},"1":{"start":{"line":9,"column":4},"end":{"line":9,"column":44}},"2":{"start":{"line":9,"column":18},"end":{"line":9,"column":44}},"3":{"start":{"line":11,"column":21},"end":{"line":11,"column":42}},"4":{"start":{"line":14,"column":21},"end":{"line":76,"column":5}},"5":{"start":{"line":78,"column":4},"end":{"line":82,"column":5}},"6":{"start":{"line":79,"column":8},"end":{"line":81,"column":9}},"7":{"start":{"line":80,"column":12},"end":{"line":80,"column":23}},"8":{"start":{"line":85,"column":4},"end":{"line":85,"column":49}},"9":{"start":{"line":86,"column":4},"end":{"line":86,"column":53}},"10":{"start":{"line":94,"column":31},"end":{"line":112,"column":1}},"11":{"start":{"line":95,"column":4},"end":{"line":95,"column":26}},"12":{"start":{"line":95,"column":16},"end":{"line":95,"column":26}},"13":{"start":{"line":98,"column":4},"end":{"line":98,"column":48}},"14":{"start":{"line":98,"column":35},"end":{"line":98,"column":48}},"15":{"start":{"line":101,"column":4},"end":{"line":101,"column":44}},"16":{"start":{"line":101,"column":23},"end":{"line":101,"column":44}},"17":{"start":{"line":104,"column":4},"end":{"line":104,"column":64}},"18":{"start":{"line":104,"column":33},"end":{"line":104,"column":64}},"19":{"start":{"line":105,"column":4},"end":{"line":105,"column":44}},"20":{"start":{"line":105,"column":23},"end":{"line":105,"column":44}},"21":{"start":{"line":106,"column":4},"end":{"line":106,"column":38}},"22":{"start":{"line":106,"column":20},"end":{"line":106,"column":38}},"23":{"start":{"line":109,"column":4},"end":{"line":109,"column":57}},"24":{"start":{"line":109,"column":30},"end":{"line":109,"column":57}},"25":{"start":{"line":111,"column":4},"end":{"line":111,"column":29}},"26":{"start":{"line":130,"column":27},"end":{"line":137,"column":1}},"27":{"start":{"line":132,"column":3},"end":{"line":132,"column":33}},"28":{"start":{"line":135,"column":25},"end":{"line":135,"column":47}},"29":{"start":{"line":136,"column":4},"end":{"line":136,"column":40}}},"fnMap":{"0":{"name":"(anonymous_0)","decl":{"start":{"line":8,"column":30},"end":{"line":8,"column":31}},"loc":{"start":{"line":8,"column":43},"end":{"line":87,"column":1}},"line":8},"1":{"name":"(anonymous_1)","decl":{"start":{"line":94,"column":31},"end":{"line":94,"column":32}},"loc":{"start":{"line":94,"column":42},"end":{"line":112,"column":1}},"line":94},"2":{"name":"(anonymous_2)","decl":{"start":{"line":130,"column":27},"end":{"line":130,"column":28}},"loc":{"start":{"line":130,"column":52},"end":{"line":137,"column":1}},"line":130}},"branchMap":{"0":{"loc":{"start":{"line":9,"column":4},"end":{"line":9,"column":44}},"type":"if","locations":[{"start":{"line":9,"column":4},"end":{"line":9,"column":44}},{"start":{},"end":{}}],"line":9},"1":{"loc":{"start":{"line":79,"column":8},"end":{"line":81,"column":9}},"type":"if","locations":[{"start":{"line":79,"column":8},"end":{"line":81,"column":9}},{"start":{},"end":{}}],"line":79},"2":{"loc":{"start":{"line":95,"column":4},"end":{"line":95,"column":26}},"type":"if","locations":[{"start":{"line":95,"column":4},"end":{"line":95,"column":26}},{"start":{},"end":{}}],"line":95},"3":{"loc":{"start":{"line":98,"column":4},"end":{"line":98,"column":48}},"type":"if","locations":[{"start":{"line":98,"column":4},"end":{"line":98,"column":48}},{"start":{},"end":{}}],"line":98},"4":{"loc":{"start":{"line":101,"column":4},"end":{"line":101,"column":44}},"type":"if","locations":[{"start":{"line":101,"column":4},"end":{"line":101,"column":44}},{"start":{},"end":{}}],"line":101},"5":{"loc":{"start":{"line":104,"column":4},"end":{"line":104,"column":64}},"type":"if","locations":[{"start":{"line":104,"column":4},"end":{"line":104,"column":64}},{"start":{},"end":{}}],"line":104},"6":{"loc":{"start":{"line":105,"column":4},"end":{"line":105,"column":44}},"type":"if","locations":[{"start":{"line":105,"column":4},"end":{"line":105,"column":44}},{"start":{},"end":{}}],"line":105},"7":{"loc":{"start":{"line":106,"column":4},"end":{"line":106,"column":38}},"type":"if","locations":[{"start":{"line":106,"column":4},"end":{"line":106,"column":38}},{"start":{},"end":{}}],"line":106},"8":{"loc":{"start":{"line":109,"column":4},"end":{"line":109,"column":57}},"type":"if","locations":[{"start":{"line":109,"column":4},"end":{"line":109,"column":57}},{"start":{},"end":{}}],"line":109},"9":{"loc":{"start":{"line":130,"column":35},"end":{"line":130,"column":47}},"type":"default-arg","locations":[{"start":{"line":130,"column":45},"end":{"line":130,"column":47}}],"line":130}},"s":{"0":1,"1":15,"2":3,"3":12,"4":12,"5":12,"6":252,"7":10,"8":2,"9":2,"10":1,"11":9,"12":2,"13":7,"14":3,"15":4,"16":3,"17":1,"18":1,"19":0,"20":0,"21":0,"22":0,"23":0,"24":0,"25":0,"26":1,"27":3,"28":3,"29":3},"f":{"0":15,"1":9,"2":3},"b":{"0":[3,12],"1":[10,242],"2":[2,7],"3":[3,4],"4":[3,1],"5":[1,0],"6":[0,0],"7":[0,0],"8":[0,0],"9":[3]},"meta":{"lastBranch":10,"lastFunction":3,"lastStatement":30,"seen":{"s:8:30:87:1":0,"f:8:30:8:31":0,"b:9:4:9:44:undefined:undefined:undefined:undefined":0,"s:9:4:9:44":1,"s:9:18:9:44":2,"s:11:21:11:42":3,"s:14:21:76:5":4,"s:78:4:82:5":5,"b:79:8:81:9:undefined:undefined:undefined:undefined":1,"s:79:8:81:9":6,"s:80:12:80:23":7,"s:85:4:85:49":8,"s:86:4:86:53":9,"s:94:31:112:1":10,"f:94:31:94:32":1,"b:95:4:95:26:undefined:undefined:undefined:undefined":2,"s:95:4:95:26":11,"s:95:16:95:26":12,"b:98:4:98:48:undefined:undefined:undefined:undefined":3,"s:98:4:98:48":13,"s:98:35:98:48":14,"b:101:4:101:44:undefined:undefined:undefined:undefined":4,"s:101:4:101:44":15,"s:101:23:101:44":16,"b:104:4:104:64:undefined:undefined:undefined:undefined":5,"s:104:4:104:64":17,"s:104:33:104:64":18,"b:105:4:105:44:undefined:undefined:undefined:undefined":6,"s:105:4:105:44":19,"s:105:23:105:44":20,"b:106:4:106:38:undefined:undefined:undefined:undefined":7,"s:106:4:106:38":21,"s:106:20:106:38":22,"b:109:4:109:57:undefined:undefined:undefined:undefined":8,"s:109:4:109:57":23,"s:109:30:109:57":24,"s:111:4:111:29":25,"s:130:27:137:1":26,"f:130:27:130:28":2,"b:130:45:130:47":9,"s:132:3:132:33":27,"s:135:25:135:47":28,"s:136:4:136:40":29}}}
,"C:\\Users\\relre\\OneDrive\\Masaüstü\\CRM\\stitch_clinic_dashboard\\src\\utils\\formatUtils.js": {"path":"C:\\Users\\relre\\OneDrive\\Masaüstü\\CRM\\stitch_clinic_dashboard\\src\\utils\\formatUtils.js","statementMap":{"0":{"start":{"line":1,"column":33},"end":{"line":11,"column":1}},"1":{"start":{"line":2,"column":4},"end":{"line":2,"column":26}},"2":{"start":{"line":2,"column":16},"end":{"line":2,"column":26}},"3":{"start":{"line":3,"column":24},"end":{"line":3,"column":51}},"4":{"start":{"line":4,"column":30},"end":{"line":4,"column":48}},"5":{"start":{"line":6,"column":4},"end":{"line":6,"column":50}},"6":{"start":{"line":6,"column":31},"end":{"line":6,"column":50}},"7":{"start":{"line":7,"column":4},"end":{"line":9,"column":5}},"8":{"start":{"line":8,"column":8},"end":{"line":8,"column":70}},"9":{"start":{"line":10,"column":4},"end":{"line":10,"column":97}},"10":{"start":{"line":13,"column":30},"end":{"line":20,"column":1}},"11":{"start":{"line":14,"column":4},"end":{"line":19,"column":22}}},"fnMap":{"0":{"name":"(anonymous_0)","decl":{"start":{"line":1,"column":33},"end":{"line":1,"column":34}},"loc":{"start":{"line":1,"column":44},"end":{"line":11,"column":1}},"line":1},"1":{"name":"(anonymous_1)","decl":{"start":{"line":13,"column":30},"end":{"line":13,"column":31}},"loc":{"start":{"line":13,"column":42},"end":{"line":20,"column":1}},"line":13}},"branchMap":{"0":{"loc":{"start":{"line":2,"column":4},"end":{"line":2,"column":26}},"type":"if","locations":[{"start":{"line":2,"column":4},"end":{"line":2,"column":26}},{"start":{},"end":{}}],"line":2},"1":{"loc":{"start":{"line":6,"column":4},"end":{"line":6,"column":50}},"type":"if","locations":[{"start":{"line":6,"column":4},"end":{"line":6,"column":50}},{"start":{},"end":{}}],"line":6},"2":{"loc":{"start":{"line":7,"column":4},"end":{"line":9,"column":5}},"type":"if","locations":[{"start":{"line":7,"column":4},"end":{"line":9,"column":5}},{"start":{},"end":{}}],"line":7}},"s":{"0":1,"1":7,"2":3,"3":4,"4":4,"5":4,"6":1,"7":3,"8":1,"9":2,"10":1,"11":4},"f":{"0":7,"1":4},"b":{"0":[3,4],"1":[1,3],"2":[1,2]},"meta":{"lastBranch":3,"lastFunction":2,"lastStatement":12,"seen":{"s:1:33:11:1":0,"f:1:33:1:34":0,"b:2:4:2:26:undefined:undefined:undefined:undefined":0,"s:2:4:2:26":1,"s:2:16:2:26":2,"s:3:24:3:51":3,"s:4:30:4:48":4,"b:6:4:6:50:undefined:undefined:undefined:undefined":1,"s:6:4:6:50":5,"s:6:31:6:50":6,"b:7:4:9:5:undefined:undefined:undefined:undefined":2,"s:7:4:9:5":7,"s:8:8:8:70":8,"s:10:4:10:97":9,"s:13:30:20:1":10,"f:13:30:13:31":1,"s:14:4:19:22":11}}}
}
